#
# A fatal error has been detected by the Java Runtime Environment:
#
#  EXCEPTION_ACCESS_VIOLATION (0xc0000005) at pc=0x00007fffe85acad5, pid=9020, tid=6360
#
# JRE version: OpenJDK Runtime Environment (16.0.2+7) (build 16.0.2+7-67)
# Java VM: OpenJDK 64-Bit Server VM (16.0.2+7-67, mixed mode, tiered, compressed oops, compressed class ptrs, g1 gc, windows-amd64)
# Problematic frame:
# V  [jvm.dll+0x32cad5]
#
# No core dump will be written. Minidumps are not enabled by default on client versions of Windows
#
# If you would like to submit a bug report, please visit:
#   https://bugreport.java.com/bugreport/crash.jsp
#

---------------  S U M M A R Y ------------

Command Line: -XX:+ShowCodeDetailsInExceptionMessages -agentlib:jdwp=transport=dt_socket,suspend=y,address=localhost:57449 -javaagent:C:\Users\EQUIPO\Desktop\Grado Superior\Programación\eclipse\configuration\org.eclipse.osgi\415\0\.cp\lib\javaagent-shaded.jar -Dfile.encoding=UTF-8 capitulo04_arrays.bloque03.Ejercicio01OrdenacionBurbuja

Host: Intel(R) Core(TM) i5-7300HQ CPU @ 2.50GHz, 4 cores, 7G,  Windows 10 , 64 bit Build 19041 (10.0.19041.1202)
Time: Fri Oct 29 13:14:53 2021 Hora de verano romance elapsed time: 802.862893 seconds (0d 0h 13m 22s)

---------------  T H R E A D  ---------------

Current thread (0x000002135f02aa10):  VMThread "VM Thread" [stack: 0x000000a44ab00000,0x000000a44ac00000] [id=6360]

Stack: [0x000000a44ab00000,0x000000a44ac00000],  sp=0x000000a44abff190,  free space=1020k
Native frames: (J=compiled Java code, j=interpreted, Vv=VM code, C=native code)
V  [jvm.dll+0x32cad5]
V  [jvm.dll+0x32f022]
V  [jvm.dll+0x32f72e]
V  [jvm.dll+0x32cdaf]
V  [jvm.dll+0x32c037]
V  [jvm.dll+0x656cce]
V  [jvm.dll+0x6569d3]
V  [jvm.dll+0x61c1e8]
V  [jvm.dll+0x7c18f5]
V  [jvm.dll+0x520446]
V  [jvm.dll+0x7d00ab]
V  [jvm.dll+0x7d0da4]
V  [jvm.dll+0x7d12a9]
V  [jvm.dll+0x7d1564]
V  [jvm.dll+0x7d1630]
V  [jvm.dll+0x7795aa]
V  [jvm.dll+0x667066]
C  [ucrtbase.dll+0x21bb2]
C  [KERNEL32.DLL+0x17034]
C  [ntdll.dll+0x52651]


siginfo: EXCEPTION_ACCESS_VIOLATION (0xc0000005), reading address 0x0000000000000006


Register to memory mapping:

RIP=0x00007fffe85acad5 jvm.dll
RAX=0x0 is NULL
RBX=0x000000a44abff430 points into unknown readable memory: 0x00007fffe8bb2218 | 18 22 bb e8 ff 7f 00 00
RCX=0x0 is NULL
RDX=0x0 is NULL
RSP=0x000000a44abff190 points into unknown readable memory: 0x000000a44abff200 | 00 f2 bf 4a a4 00 00 00
RBP=0x0000000000000001 is an unknown value
RSI=0x0000000000000001 is an unknown value
RDI=0x0000021360c3b698 is pointing into metadata
R8 =0x0 is NULL
R9 =0x0000021360c3b698 is pointing into metadata
R10=0x000000a44abff430 points into unknown readable memory: 0x00007fffe8bb2218 | 18 22 bb e8 ff 7f 00 00
R11=0x000002135ff50ff0 points into unknown readable memory: 0x4600000147000000 | 00 00 00 47 01 00 00 46
R12=0x00007fffe8280000 jvm.dll
R13=0x000002135ff50e30 points into unknown readable memory: 0x00000000892ab000 | 00 b0 2a 89 00 00 00 00
R14=0x0000021360c3ba94 is pointing into metadata
R15=0x0000000000000011 is an unknown value


Registers:
RAX=0x0000000000000000, RBX=0x000000a44abff430, RCX=0x0000000000000000, RDX=0x0000000000000000
RSP=0x000000a44abff190, RBP=0x0000000000000001, RSI=0x0000000000000001, RDI=0x0000021360c3b698
R8 =0x0000000000000000, R9 =0x0000021360c3b698, R10=0x000000a44abff430, R11=0x000002135ff50ff0
R12=0x00007fffe8280000, R13=0x000002135ff50e30, R14=0x0000021360c3ba94, R15=0x0000000000000011
RIP=0x00007fffe85acad5, EFLAGS=0x0000000000010206

Top of Stack: (sp=0x000000a44abff190)
0x000000a44abff190:   000000a44abff200 00007fffe85b06b3
0x000000a44abff1a0:   000000a44abff200 00007fffe83a50fe
0x000000a44abff1b0:   0000021360c3bb90 00000000000000b2
0x000000a44abff1c0:   000000a44abff430 00000000000000a6
0x000000a44abff1d0:   0000cd68dfdd0ff6 00007fffe85b027c
0x000000a44abff1e0:   0000021360c3ba94 00000000000000b2
0x000000a44abff1f0:   000000a44abff430 00007fffe85af022
0x000000a44abff200:   000000a44abff2a0 000000a44abff2a0
0x000000a44abff210:   0000000000000001 00007fffe85c1c34
0x000000a44abff220:   000000a400000004 0000000000000000
0x000000a44abff230:   00007fffe8d90980 00007fffe8965b34
0x000000a44abff240:   000000a44abff2a0 00007fffe83a50fe
0x000000a44abff250:   0000021360c3bb90 000000a44abff430
0x000000a44abff260:   0000000000000011 00000000000000b2
0x000000a44abff270:   000000a44abff430 00007fffe85af72e
0x000000a44abff280:   000000a44abff2d0 000000a44abff2d0 

Instructions: (pc=0x00007fffe85acad5)
0x00007fffe85ac9d5:   42 8b 1c 81 4e 8d 34 81 8b 75 58 41 81 e0 ff ff
0x00007fffe85ac9e5:   ff 00 41 81 c8 00 00 00 47 48 8b cd 45 89 06 c7
0x00007fffe85ac9f5:   45 58 01 00 00 00 e8 b0 38 00 00 66 83 7c 24 68
0x00007fffe85aca05:   00 41 89 1e 89 75 58 74 40 8b 4c 24 70 49 ff c7
0x00007fffe85aca15:   0f b7 c1 48 83 c7 08 4c 3b f8 0f 8c 4b ff ff ff
0x00007fffe85aca25:   83 7d 5c 00 74 23 48 83 3d fd ac 7a 00 00 74 15
0x00007fffe85aca35:   80 7d 42 00 74 0f 48 8d 15 a6 0a 5c 00 48 8b cd
0x00007fffe85aca45:   e8 d6 42 00 00 c6 45 42 00 4c 8b 74 24 28 4c 8b
0x00007fffe85aca55:   6c 24 30 4c 8b 64 24 38 48 8b 7c 24 40 48 8b 74
0x00007fffe85aca65:   24 48 48 8b 5c 24 60 4c 8b 7c 24 20 48 83 c4 50
0x00007fffe85aca75:   5d c3 cc cc cc cc cc cc cc cc cc 48 89 5c 24 10
0x00007fffe85aca85:   48 89 6c 24 18 56 57 41 56 48 83 ec 50 48 8b 05
0x00007fffe85aca95:   6f 42 77 00 48 33 c4 48 89 44 24 40 48 8b 41 08
0x00007fffe85acaa5:   48 8b d9 41 8b e8 8b f2 45 33 c0 41 8b d1 48 8b
0x00007fffe85acab5:   48 08 48 8b 79 08 48 8b cf e8 5d d8 f0 ff 8b d0
0x00007fffe85acac5:   48 8b cf e8 83 03 f1 ff 48 63 c8 48 8b 44 cf 48
0x00007fffe85acad5:   0f be 48 06 e8 12 88 3b 00 8b 0d 44 ab 7a 00 48
0x00007fffe85acae5:   8d 3d 41 ab 7a 00 8d 50 f4 83 fa 01 76 27 8d 50
0x00007fffe85acaf5:   f9 f7 c2 fb ff ff ff 74 13 83 f8 0e 48 8d 15 30
0x00007fffe85acb05:   ab 7a 00 4c 8b d7 4c 0f 45 d2 eb 27 4c 8d 15 50
0x00007fffe85acb15:   ab 7a 00 eb 1e 8b 84 24 90 00 00 00 4c 8d 54 24
0x00007fffe85acb25:   30 25 ff ff ff 00 89 4c 24 34 0d 00 00 00 46 89
0x00007fffe85acb35:   44 24 30 45 33 c0 85 f6 74 05 49 8b fa eb 29 41
0x00007fffe85acb45:   8b 02 85 c0 74 22 49 8b d0 4d 8b c8 42 89 44 0c
0x00007fffe85acb55:   20 48 8d 52 01 4c 8d 0c 95 00 00 00 00 41 ff c0
0x00007fffe85acb65:   43 8b 04 11 85 c0 75 e4 85 ed 75 10 8b 05 dd 53
0x00007fffe85acb75:   74 00 49 63 d0 41 ff c0 89 44 94 20 49 63 c0 4c
0x00007fffe85acb85:   8d 74 24 20 89 4c 84 20 8b 74 24 20 85 f6 74 4c
0x00007fffe85acb95:   48 63 53 58 85 d2 7f 18 48 8d 15 ac e1 57 00 48
0x00007fffe85acba5:   8b cb e8 44 48 00 00 44 8b 05 81 aa 7a 00 eb 16
0x00007fffe85acbb5:   48 63 4b 20 8d 42 ff 89 43 58 48 03 ca 48 8b 43
0x00007fffe85acbc5:   48 44 8b 44 88 fc 8b d6 48 8b cb e8 6b f0 ff ff 


Stack slot to memory mapping:
stack at sp + 0 slots: 0x000000a44abff200 points into unknown readable memory: 0x000000a44abff2a0 | a0 f2 bf 4a a4 00 00 00
stack at sp + 1 slots: 0x00007fffe85b06b3 jvm.dll
stack at sp + 2 slots: 0x000000a44abff200 points into unknown readable memory: 0x000000a44abff2a0 | a0 f2 bf 4a a4 00 00 00
stack at sp + 3 slots: 0x00007fffe83a50fe jvm.dll
stack at sp + 4 slots: {method} {0x0000021360c3bb98} 'main' '([Ljava/lang/String;)V' in 'capitulo04_arrays/bloque03/Ejercicio01OrdenacionBurbuja'
stack at sp + 5 slots: 0x00000000000000b2 is an unknown value
stack at sp + 6 slots: 0x000000a44abff430 points into unknown readable memory: 0x00007fffe8bb2218 | 18 22 bb e8 ff 7f 00 00
stack at sp + 7 slots: 0x00000000000000a6 is an unknown value

VM_Operation (0x000000a44b6ff2e0): get/set locals, mode: safepoint, requested by thread 0x000002135fe5f3e0


---------------  P R O C E S S  ---------------

Threads class SMR info:
_java_thread_list=0x00000213604efa00, length=15, elements={
0x0000021343afce90, 0x000002135f043250, 0x000002135f044200, 0x000002135f05ce60,
0x000002135fc16850, 0x000002135fc0e260, 0x000002135f0710a0, 0x000002135f0767e0,
0x000002135f076d40, 0x000002135f087280, 0x000002135f0715f0, 0x000002135fe5f3e0,
0x000002135fe7c3f0, 0x000002135fe8fe20, 0x000002135f06eb70
}

Java Threads: ( => current thread )
  0x0000021343afce90 JavaThread "main" [_thread_blocked, id=9644, stack(0x000000a44a500000,0x000000a44a600000)]
  0x000002135f043250 JavaThread "Reference Handler" daemon [_thread_blocked, id=2176, stack(0x000000a44ac00000,0x000000a44ad00000)]
  0x000002135f044200 JavaThread "Finalizer" daemon [_thread_blocked, id=128, stack(0x000000a44ad00000,0x000000a44ae00000)]
  0x000002135f05ce60 JavaThread "Signal Dispatcher" daemon [_thread_blocked, id=10660, stack(0x000000a44ae00000,0x000000a44af00000)]
  0x000002135fc16850 JavaThread "Attach Listener" daemon [_thread_blocked, id=9684, stack(0x000000a44af00000,0x000000a44b000000)]
  0x000002135fc0e260 JavaThread "Service Thread" daemon [_thread_blocked, id=7692, stack(0x000000a44b000000,0x000000a44b100000)]
  0x000002135f0710a0 JavaThread "Monitor Deflation Thread" daemon [_thread_blocked, id=12404, stack(0x000000a44b100000,0x000000a44b200000)]
  0x000002135f0767e0 JavaThread "C2 CompilerThread0" daemon [_thread_blocked, id=11552, stack(0x000000a44b200000,0x000000a44b300000)]
  0x000002135f076d40 JavaThread "C1 CompilerThread0" daemon [_thread_blocked, id=13216, stack(0x000000a44b300000,0x000000a44b400000)]
  0x000002135f087280 JavaThread "Sweeper thread" daemon [_thread_blocked, id=12296, stack(0x000000a44b400000,0x000000a44b500000)]
  0x000002135f0715f0 JavaThread "Common-Cleaner" daemon [_thread_blocked, id=9068, stack(0x000000a44b500000,0x000000a44b600000)]
  0x000002135fe5f3e0 JavaThread "JDWP Transport Listener: dt_socket" daemon [_thread_blocked, id=2348, stack(0x000000a44b600000,0x000000a44b700000)]
  0x000002135fe7c3f0 JavaThread "JDWP Event Helper Thread" daemon [_thread_blocked, id=6784, stack(0x000000a44b700000,0x000000a44b800000)]
  0x000002135fe8fe20 JavaThread "JDWP Command Reader" daemon [_thread_in_native, id=6832, stack(0x000000a44b800000,0x000000a44b900000)]
  0x000002135f06eb70 JavaThread "Notification Thread" daemon [_thread_blocked, id=4492, stack(0x000000a44ba00000,0x000000a44bb00000)]

Other Threads:
=>0x000002135f02aa10 VMThread "VM Thread" [stack: 0x000000a44ab00000,0x000000a44ac00000] [id=6360]
  0x000002135fee6930 WatcherThread [stack: 0x000000a44bb00000,0x000000a44bc00000] [id=5032]
  0x0000021343b3ea30 GCTaskThread "GC Thread#0" [stack: 0x000000a44a600000,0x000000a44a700000] [id=1872]
  0x0000021343b4ff30 ConcurrentGCThread "G1 Main Marker" [stack: 0x000000a44a700000,0x000000a44a800000] [id=7052]
  0x0000021343b508c0 ConcurrentGCThread "G1 Conc#0" [stack: 0x000000a44a800000,0x000000a44a900000] [id=9504]
  0x0000021343bca370 ConcurrentGCThread "G1 Refine#0" [stack: 0x000000a44a900000,0x000000a44aa00000] [id=2284]
  0x0000021343bce060 ConcurrentGCThread "G1 Service" [stack: 0x000000a44aa00000,0x000000a44ab00000] [id=1900]

Threads with active compile tasks:

VM state: at safepoint (normal execution)

VM Mutex/Monitor currently owned by a thread:  ([mutex/lock_event])
[0x0000021343af0870] Threads_lock - owner thread: 0x000002135f02aa10

Heap address: 0x0000000081400000, size: 2028 MB, Compressed Oops mode: 32-bit

CDS disabled.
Compressed class space mapped at: 0x0000000100000000-0x0000000140000000, reserved size: 1073741824
Narrow klass base: 0x0000000000000000, Narrow klass shift: 3, Narrow klass range: 0x140000000

GC Precious Log:
 CPUs: 4 total, 4 available
 Memory: 8109M
 Large Page Support: Disabled
 NUMA Support: Disabled
 Compressed Oops: Enabled (32-bit)
 Heap Region Size: 1M
 Heap Min Capacity: 8M
 Heap Initial Capacity: 128M
 Heap Max Capacity: 2028M
 Pre-touch: Disabled
 Parallel Workers: 4
 Concurrent Workers: 1
 Concurrent Refinement Workers: 4
 Periodic GC: Disabled

Heap:
 garbage-first heap   total 131072K, used 4096K [0x0000000081400000, 0x0000000100000000)
  region size 1024K, 5 young (5120K), 0 survivors (0K)
 Metaspace       used 9402K, committed 9536K, reserved 1064960K
  class space    used 809K, committed 896K, reserved 1048576K

Heap Regions: E=young(eden), S=young(survivor), O=old, HS=humongous(starts), HC=humongous(continues), CS=collection set, F=free, OA=open archive, CA=closed archive, TAMS=top-at-mark-start (previous, next)
|   0|0x0000000081400000, 0x0000000081400000, 0x0000000081500000|  0%| F|  |TAMS 0x0000000081400000, 0x0000000081400000| Untracked 
|   1|0x0000000081500000, 0x0000000081500000, 0x0000000081600000|  0%| F|  |TAMS 0x0000000081500000, 0x0000000081500000| Untracked 
|   2|0x0000000081600000, 0x0000000081600000, 0x0000000081700000|  0%| F|  |TAMS 0x0000000081600000, 0x0000000081600000| Untracked 
|   3|0x0000000081700000, 0x0000000081700000, 0x0000000081800000|  0%| F|  |TAMS 0x0000000081700000, 0x0000000081700000| Untracked 
|   4|0x0000000081800000, 0x0000000081800000, 0x0000000081900000|  0%| F|  |TAMS 0x0000000081800000, 0x0000000081800000| Untracked 
|   5|0x0000000081900000, 0x0000000081900000, 0x0000000081a00000|  0%| F|  |TAMS 0x0000000081900000, 0x0000000081900000| Untracked 
|   6|0x0000000081a00000, 0x0000000081a00000, 0x0000000081b00000|  0%| F|  |TAMS 0x0000000081a00000, 0x0000000081a00000| Untracked 
|   7|0x0000000081b00000, 0x0000000081b00000, 0x0000000081c00000|  0%| F|  |TAMS 0x0000000081b00000, 0x0000000081b00000| Untracked 
|   8|0x0000000081c00000, 0x0000000081c00000, 0x0000000081d00000|  0%| F|  |TAMS 0x0000000081c00000, 0x0000000081c00000| Untracked 
|   9|0x0000000081d00000, 0x0000000081d00000, 0x0000000081e00000|  0%| F|  |TAMS 0x0000000081d00000, 0x0000000081d00000| Untracked 
|  10|0x0000000081e00000, 0x0000000081e00000, 0x0000000081f00000|  0%| F|  |TAMS 0x0000000081e00000, 0x0000000081e00000| Untracked 
|  11|0x0000000081f00000, 0x0000000081f00000, 0x0000000082000000|  0%| F|  |TAMS 0x0000000081f00000, 0x0000000081f00000| Untracked 
|  12|0x0000000082000000, 0x0000000082000000, 0x0000000082100000|  0%| F|  |TAMS 0x0000000082000000, 0x0000000082000000| Untracked 
|  13|0x0000000082100000, 0x0000000082100000, 0x0000000082200000|  0%| F|  |TAMS 0x0000000082100000, 0x0000000082100000| Untracked 
|  14|0x0000000082200000, 0x0000000082200000, 0x0000000082300000|  0%| F|  |TAMS 0x0000000082200000, 0x0000000082200000| Untracked 
|  15|0x0000000082300000, 0x0000000082300000, 0x0000000082400000|  0%| F|  |TAMS 0x0000000082300000, 0x0000000082300000| Untracked 
|  16|0x0000000082400000, 0x0000000082400000, 0x0000000082500000|  0%| F|  |TAMS 0x0000000082400000, 0x0000000082400000| Untracked 
|  17|0x0000000082500000, 0x0000000082500000, 0x0000000082600000|  0%| F|  |TAMS 0x0000000082500000, 0x0000000082500000| Untracked 
|  18|0x0000000082600000, 0x0000000082600000, 0x0000000082700000|  0%| F|  |TAMS 0x0000000082600000, 0x0000000082600000| Untracked 
|  19|0x0000000082700000, 0x0000000082700000, 0x0000000082800000|  0%| F|  |TAMS 0x0000000082700000, 0x0000000082700000| Untracked 
|  20|0x0000000082800000, 0x0000000082800000, 0x0000000082900000|  0%| F|  |TAMS 0x0000000082800000, 0x0000000082800000| Untracked 
|  21|0x0000000082900000, 0x0000000082900000, 0x0000000082a00000|  0%| F|  |TAMS 0x0000000082900000, 0x0000000082900000| Untracked 
|  22|0x0000000082a00000, 0x0000000082a00000, 0x0000000082b00000|  0%| F|  |TAMS 0x0000000082a00000, 0x0000000082a00000| Untracked 
|  23|0x0000000082b00000, 0x0000000082b00000, 0x0000000082c00000|  0%| F|  |TAMS 0x0000000082b00000, 0x0000000082b00000| Untracked 
|  24|0x0000000082c00000, 0x0000000082c00000, 0x0000000082d00000|  0%| F|  |TAMS 0x0000000082c00000, 0x0000000082c00000| Untracked 
|  25|0x0000000082d00000, 0x0000000082d00000, 0x0000000082e00000|  0%| F|  |TAMS 0x0000000082d00000, 0x0000000082d00000| Untracked 
|  26|0x0000000082e00000, 0x0000000082e00000, 0x0000000082f00000|  0%| F|  |TAMS 0x0000000082e00000, 0x0000000082e00000| Untracked 
|  27|0x0000000082f00000, 0x0000000082f00000, 0x0000000083000000|  0%| F|  |TAMS 0x0000000082f00000, 0x0000000082f00000| Untracked 
|  28|0x0000000083000000, 0x0000000083000000, 0x0000000083100000|  0%| F|  |TAMS 0x0000000083000000, 0x0000000083000000| Untracked 
|  29|0x0000000083100000, 0x0000000083100000, 0x0000000083200000|  0%| F|  |TAMS 0x0000000083100000, 0x0000000083100000| Untracked 
|  30|0x0000000083200000, 0x0000000083200000, 0x0000000083300000|  0%| F|  |TAMS 0x0000000083200000, 0x0000000083200000| Untracked 
|  31|0x0000000083300000, 0x0000000083300000, 0x0000000083400000|  0%| F|  |TAMS 0x0000000083300000, 0x0000000083300000| Untracked 
|  32|0x0000000083400000, 0x0000000083400000, 0x0000000083500000|  0%| F|  |TAMS 0x0000000083400000, 0x0000000083400000| Untracked 
|  33|0x0000000083500000, 0x0000000083500000, 0x0000000083600000|  0%| F|  |TAMS 0x0000000083500000, 0x0000000083500000| Untracked 
|  34|0x0000000083600000, 0x0000000083600000, 0x0000000083700000|  0%| F|  |TAMS 0x0000000083600000, 0x0000000083600000| Untracked 
|  35|0x0000000083700000, 0x0000000083700000, 0x0000000083800000|  0%| F|  |TAMS 0x0000000083700000, 0x0000000083700000| Untracked 
|  36|0x0000000083800000, 0x0000000083800000, 0x0000000083900000|  0%| F|  |TAMS 0x0000000083800000, 0x0000000083800000| Untracked 
|  37|0x0000000083900000, 0x0000000083900000, 0x0000000083a00000|  0%| F|  |TAMS 0x0000000083900000, 0x0000000083900000| Untracked 
|  38|0x0000000083a00000, 0x0000000083a00000, 0x0000000083b00000|  0%| F|  |TAMS 0x0000000083a00000, 0x0000000083a00000| Untracked 
|  39|0x0000000083b00000, 0x0000000083b00000, 0x0000000083c00000|  0%| F|  |TAMS 0x0000000083b00000, 0x0000000083b00000| Untracked 
|  40|0x0000000083c00000, 0x0000000083c00000, 0x0000000083d00000|  0%| F|  |TAMS 0x0000000083c00000, 0x0000000083c00000| Untracked 
|  41|0x0000000083d00000, 0x0000000083d00000, 0x0000000083e00000|  0%| F|  |TAMS 0x0000000083d00000, 0x0000000083d00000| Untracked 
|  42|0x0000000083e00000, 0x0000000083e00000, 0x0000000083f00000|  0%| F|  |TAMS 0x0000000083e00000, 0x0000000083e00000| Untracked 
|  43|0x0000000083f00000, 0x0000000083f00000, 0x0000000084000000|  0%| F|  |TAMS 0x0000000083f00000, 0x0000000083f00000| Untracked 
|  44|0x0000000084000000, 0x0000000084000000, 0x0000000084100000|  0%| F|  |TAMS 0x0000000084000000, 0x0000000084000000| Untracked 
|  45|0x0000000084100000, 0x0000000084100000, 0x0000000084200000|  0%| F|  |TAMS 0x0000000084100000, 0x0000000084100000| Untracked 
|  46|0x0000000084200000, 0x0000000084200000, 0x0000000084300000|  0%| F|  |TAMS 0x0000000084200000, 0x0000000084200000| Untracked 
|  47|0x0000000084300000, 0x0000000084300000, 0x0000000084400000|  0%| F|  |TAMS 0x0000000084300000, 0x0000000084300000| Untracked 
|  48|0x0000000084400000, 0x0000000084400000, 0x0000000084500000|  0%| F|  |TAMS 0x0000000084400000, 0x0000000084400000| Untracked 
|  49|0x0000000084500000, 0x0000000084500000, 0x0000000084600000|  0%| F|  |TAMS 0x0000000084500000, 0x0000000084500000| Untracked 
|  50|0x0000000084600000, 0x0000000084600000, 0x0000000084700000|  0%| F|  |TAMS 0x0000000084600000, 0x0000000084600000| Untracked 
|  51|0x0000000084700000, 0x0000000084700000, 0x0000000084800000|  0%| F|  |TAMS 0x0000000084700000, 0x0000000084700000| Untracked 
|  52|0x0000000084800000, 0x0000000084800000, 0x0000000084900000|  0%| F|  |TAMS 0x0000000084800000, 0x0000000084800000| Untracked 
|  53|0x0000000084900000, 0x0000000084900000, 0x0000000084a00000|  0%| F|  |TAMS 0x0000000084900000, 0x0000000084900000| Untracked 
|  54|0x0000000084a00000, 0x0000000084a00000, 0x0000000084b00000|  0%| F|  |TAMS 0x0000000084a00000, 0x0000000084a00000| Untracked 
|  55|0x0000000084b00000, 0x0000000084b00000, 0x0000000084c00000|  0%| F|  |TAMS 0x0000000084b00000, 0x0000000084b00000| Untracked 
|  56|0x0000000084c00000, 0x0000000084c00000, 0x0000000084d00000|  0%| F|  |TAMS 0x0000000084c00000, 0x0000000084c00000| Untracked 
|  57|0x0000000084d00000, 0x0000000084d00000, 0x0000000084e00000|  0%| F|  |TAMS 0x0000000084d00000, 0x0000000084d00000| Untracked 
|  58|0x0000000084e00000, 0x0000000084e00000, 0x0000000084f00000|  0%| F|  |TAMS 0x0000000084e00000, 0x0000000084e00000| Untracked 
|  59|0x0000000084f00000, 0x0000000084f00000, 0x0000000085000000|  0%| F|  |TAMS 0x0000000084f00000, 0x0000000084f00000| Untracked 
|  60|0x0000000085000000, 0x0000000085000000, 0x0000000085100000|  0%| F|  |TAMS 0x0000000085000000, 0x0000000085000000| Untracked 
|  61|0x0000000085100000, 0x0000000085100000, 0x0000000085200000|  0%| F|  |TAMS 0x0000000085100000, 0x0000000085100000| Untracked 
|  62|0x0000000085200000, 0x0000000085200000, 0x0000000085300000|  0%| F|  |TAMS 0x0000000085200000, 0x0000000085200000| Untracked 
|  63|0x0000000085300000, 0x0000000085300000, 0x0000000085400000|  0%| F|  |TAMS 0x0000000085300000, 0x0000000085300000| Untracked 
|  64|0x0000000085400000, 0x0000000085400000, 0x0000000085500000|  0%| F|  |TAMS 0x0000000085400000, 0x0000000085400000| Untracked 
|  65|0x0000000085500000, 0x0000000085500000, 0x0000000085600000|  0%| F|  |TAMS 0x0000000085500000, 0x0000000085500000| Untracked 
|  66|0x0000000085600000, 0x0000000085600000, 0x0000000085700000|  0%| F|  |TAMS 0x0000000085600000, 0x0000000085600000| Untracked 
|  67|0x0000000085700000, 0x0000000085700000, 0x0000000085800000|  0%| F|  |TAMS 0x0000000085700000, 0x0000000085700000| Untracked 
|  68|0x0000000085800000, 0x0000000085800000, 0x0000000085900000|  0%| F|  |TAMS 0x0000000085800000, 0x0000000085800000| Untracked 
|  69|0x0000000085900000, 0x0000000085900000, 0x0000000085a00000|  0%| F|  |TAMS 0x0000000085900000, 0x0000000085900000| Untracked 
|  70|0x0000000085a00000, 0x0000000085a00000, 0x0000000085b00000|  0%| F|  |TAMS 0x0000000085a00000, 0x0000000085a00000| Untracked 
|  71|0x0000000085b00000, 0x0000000085b00000, 0x0000000085c00000|  0%| F|  |TAMS 0x0000000085b00000, 0x0000000085b00000| Untracked 
|  72|0x0000000085c00000, 0x0000000085c00000, 0x0000000085d00000|  0%| F|  |TAMS 0x0000000085c00000, 0x0000000085c00000| Untracked 
|  73|0x0000000085d00000, 0x0000000085d00000, 0x0000000085e00000|  0%| F|  |TAMS 0x0000000085d00000, 0x0000000085d00000| Untracked 
|  74|0x0000000085e00000, 0x0000000085e00000, 0x0000000085f00000|  0%| F|  |TAMS 0x0000000085e00000, 0x0000000085e00000| Untracked 
|  75|0x0000000085f00000, 0x0000000085f00000, 0x0000000086000000|  0%| F|  |TAMS 0x0000000085f00000, 0x0000000085f00000| Untracked 
|  76|0x0000000086000000, 0x0000000086000000, 0x0000000086100000|  0%| F|  |TAMS 0x0000000086000000, 0x0000000086000000| Untracked 
|  77|0x0000000086100000, 0x0000000086100000, 0x0000000086200000|  0%| F|  |TAMS 0x0000000086100000, 0x0000000086100000| Untracked 
|  78|0x0000000086200000, 0x0000000086200000, 0x0000000086300000|  0%| F|  |TAMS 0x0000000086200000, 0x0000000086200000| Untracked 
|  79|0x0000000086300000, 0x0000000086300000, 0x0000000086400000|  0%| F|  |TAMS 0x0000000086300000, 0x0000000086300000| Untracked 
|  80|0x0000000086400000, 0x0000000086400000, 0x0000000086500000|  0%| F|  |TAMS 0x0000000086400000, 0x0000000086400000| Untracked 
|  81|0x0000000086500000, 0x0000000086500000, 0x0000000086600000|  0%| F|  |TAMS 0x0000000086500000, 0x0000000086500000| Untracked 
|  82|0x0000000086600000, 0x0000000086600000, 0x0000000086700000|  0%| F|  |TAMS 0x0000000086600000, 0x0000000086600000| Untracked 
|  83|0x0000000086700000, 0x0000000086700000, 0x0000000086800000|  0%| F|  |TAMS 0x0000000086700000, 0x0000000086700000| Untracked 
|  84|0x0000000086800000, 0x0000000086800000, 0x0000000086900000|  0%| F|  |TAMS 0x0000000086800000, 0x0000000086800000| Untracked 
|  85|0x0000000086900000, 0x0000000086900000, 0x0000000086a00000|  0%| F|  |TAMS 0x0000000086900000, 0x0000000086900000| Untracked 
|  86|0x0000000086a00000, 0x0000000086a00000, 0x0000000086b00000|  0%| F|  |TAMS 0x0000000086a00000, 0x0000000086a00000| Untracked 
|  87|0x0000000086b00000, 0x0000000086b00000, 0x0000000086c00000|  0%| F|  |TAMS 0x0000000086b00000, 0x0000000086b00000| Untracked 
|  88|0x0000000086c00000, 0x0000000086c00000, 0x0000000086d00000|  0%| F|  |TAMS 0x0000000086c00000, 0x0000000086c00000| Untracked 
|  89|0x0000000086d00000, 0x0000000086d00000, 0x0000000086e00000|  0%| F|  |TAMS 0x0000000086d00000, 0x0000000086d00000| Untracked 
|  90|0x0000000086e00000, 0x0000000086e00000, 0x0000000086f00000|  0%| F|  |TAMS 0x0000000086e00000, 0x0000000086e00000| Untracked 
|  91|0x0000000086f00000, 0x0000000086f00000, 0x0000000087000000|  0%| F|  |TAMS 0x0000000086f00000, 0x0000000086f00000| Untracked 
|  92|0x0000000087000000, 0x0000000087000000, 0x0000000087100000|  0%| F|  |TAMS 0x0000000087000000, 0x0000000087000000| Untracked 
|  93|0x0000000087100000, 0x0000000087100000, 0x0000000087200000|  0%| F|  |TAMS 0x0000000087100000, 0x0000000087100000| Untracked 
|  94|0x0000000087200000, 0x0000000087200000, 0x0000000087300000|  0%| F|  |TAMS 0x0000000087200000, 0x0000000087200000| Untracked 
|  95|0x0000000087300000, 0x0000000087300000, 0x0000000087400000|  0%| F|  |TAMS 0x0000000087300000, 0x0000000087300000| Untracked 
|  96|0x0000000087400000, 0x0000000087400000, 0x0000000087500000|  0%| F|  |TAMS 0x0000000087400000, 0x0000000087400000| Untracked 
|  97|0x0000000087500000, 0x0000000087500000, 0x0000000087600000|  0%| F|  |TAMS 0x0000000087500000, 0x0000000087500000| Untracked 
|  98|0x0000000087600000, 0x0000000087600000, 0x0000000087700000|  0%| F|  |TAMS 0x0000000087600000, 0x0000000087600000| Untracked 
|  99|0x0000000087700000, 0x0000000087700000, 0x0000000087800000|  0%| F|  |TAMS 0x0000000087700000, 0x0000000087700000| Untracked 
| 100|0x0000000087800000, 0x0000000087800000, 0x0000000087900000|  0%| F|  |TAMS 0x0000000087800000, 0x0000000087800000| Untracked 
| 101|0x0000000087900000, 0x0000000087900000, 0x0000000087a00000|  0%| F|  |TAMS 0x0000000087900000, 0x0000000087900000| Untracked 
| 102|0x0000000087a00000, 0x0000000087a00000, 0x0000000087b00000|  0%| F|  |TAMS 0x0000000087a00000, 0x0000000087a00000| Untracked 
| 103|0x0000000087b00000, 0x0000000087b00000, 0x0000000087c00000|  0%| F|  |TAMS 0x0000000087b00000, 0x0000000087b00000| Untracked 
| 104|0x0000000087c00000, 0x0000000087c00000, 0x0000000087d00000|  0%| F|  |TAMS 0x0000000087c00000, 0x0000000087c00000| Untracked 
| 105|0x0000000087d00000, 0x0000000087d00000, 0x0000000087e00000|  0%| F|  |TAMS 0x0000000087d00000, 0x0000000087d00000| Untracked 
| 106|0x0000000087e00000, 0x0000000087e00000, 0x0000000087f00000|  0%| F|  |TAMS 0x0000000087e00000, 0x0000000087e00000| Untracked 
| 107|0x0000000087f00000, 0x0000000087f00000, 0x0000000088000000|  0%| F|  |TAMS 0x0000000087f00000, 0x0000000087f00000| Untracked 
| 108|0x0000000088000000, 0x0000000088000000, 0x0000000088100000|  0%| F|  |TAMS 0x0000000088000000, 0x0000000088000000| Untracked 
| 109|0x0000000088100000, 0x0000000088100000, 0x0000000088200000|  0%| F|  |TAMS 0x0000000088100000, 0x0000000088100000| Untracked 
| 110|0x0000000088200000, 0x0000000088200000, 0x0000000088300000|  0%| F|  |TAMS 0x0000000088200000, 0x0000000088200000| Untracked 
| 111|0x0000000088300000, 0x0000000088300000, 0x0000000088400000|  0%| F|  |TAMS 0x0000000088300000, 0x0000000088300000| Untracked 
| 112|0x0000000088400000, 0x0000000088400000, 0x0000000088500000|  0%| F|  |TAMS 0x0000000088400000, 0x0000000088400000| Untracked 
| 113|0x0000000088500000, 0x0000000088500000, 0x0000000088600000|  0%| F|  |TAMS 0x0000000088500000, 0x0000000088500000| Untracked 
| 114|0x0000000088600000, 0x0000000088600000, 0x0000000088700000|  0%| F|  |TAMS 0x0000000088600000, 0x0000000088600000| Untracked 
| 115|0x0000000088700000, 0x0000000088700000, 0x0000000088800000|  0%| F|  |TAMS 0x0000000088700000, 0x0000000088700000| Untracked 
| 116|0x0000000088800000, 0x0000000088800000, 0x0000000088900000|  0%| F|  |TAMS 0x0000000088800000, 0x0000000088800000| Untracked 
| 117|0x0000000088900000, 0x0000000088900000, 0x0000000088a00000|  0%| F|  |TAMS 0x0000000088900000, 0x0000000088900000| Untracked 
| 118|0x0000000088a00000, 0x0000000088a00000, 0x0000000088b00000|  0%| F|  |TAMS 0x0000000088a00000, 0x0000000088a00000| Untracked 
| 119|0x0000000088b00000, 0x0000000088b00000, 0x0000000088c00000|  0%| F|  |TAMS 0x0000000088b00000, 0x0000000088b00000| Untracked 
| 120|0x0000000088c00000, 0x0000000088c00000, 0x0000000088d00000|  0%| F|  |TAMS 0x0000000088c00000, 0x0000000088c00000| Untracked 
| 121|0x0000000088d00000, 0x0000000088d00000, 0x0000000088e00000|  0%| F|  |TAMS 0x0000000088d00000, 0x0000000088d00000| Untracked 
| 122|0x0000000088e00000, 0x0000000088e00000, 0x0000000088f00000|  0%| F|  |TAMS 0x0000000088e00000, 0x0000000088e00000| Untracked 
| 123|0x0000000088f00000, 0x0000000089000000, 0x0000000089000000|100%| E|  |TAMS 0x0000000088f00000, 0x0000000088f00000| Complete 
| 124|0x0000000089000000, 0x0000000089100000, 0x0000000089100000|100%| E|CS|TAMS 0x0000000089000000, 0x0000000089000000| Complete 
| 125|0x0000000089100000, 0x0000000089200000, 0x0000000089200000|100%| E|CS|TAMS 0x0000000089100000, 0x0000000089100000| Complete 
| 126|0x0000000089200000, 0x0000000089300000, 0x0000000089300000|100%| E|CS|TAMS 0x0000000089200000, 0x0000000089200000| Complete 
| 127|0x0000000089300000, 0x0000000089400000, 0x0000000089400000|100%| E|CS|TAMS 0x0000000089300000, 0x0000000089300000| Complete 

Card table byte_map: [0x0000021358290000,0x0000021358690000] _byte_map_base: 0x0000021357e86000

Marking Bits (Prev, Next): (CMBitMap*) 0x0000021343b3efc0, (CMBitMap*) 0x0000021343b3f000
 Prev Bits: [0x0000021358a90000, 0x000002135aa40000)
 Next Bits: [0x000002135aa40000, 0x000002135c9f0000)

Polling page: 0x0000021343be0000

Metaspace:

Usage:
  Non-class:      8.39 MB used.
      Class:    809.16 KB used.
       Both:      9.18 MB used.

Virtual space:
  Non-class space:       16.00 MB reserved,       8.44 MB ( 53%) committed,  2 nodes.
      Class space:        1.00 GB reserved,     896.00 KB ( <1%) committed,  1 nodes.
              Both:        1.02 GB reserved,       9.31 MB ( <1%) committed. 

Chunk freelists:
   Non-Class:  2.75 MB
       Class:  3.09 MB
        Both:  5.84 MB

MaxMetaspaceSize: 17179869184.00 GB
CompressedClassSpaceSize: 1.00 GB
 - commit_granule_bytes: 65536.
 - commit_granule_words: 8192.
 - virtual_space_node_default_size: 1048576.
 - enlarge_chunks_in_place: 1.
 - new_chunks_are_fully_committed: 0.
 - uncommit_free_chunks: 1.
 - use_allocation_guard: 0.
 - handle_deallocations: 1.


Internal statistics:

num_allocs_failed_limit: 0.
num_arena_births: 14.
num_arena_deaths: 0.
num_vsnodes_births: 3.
num_vsnodes_deaths: 0.
num_space_committed: 149.
num_space_uncommitted: 0.
num_chunks_returned_to_freelist: 0.
num_chunks_taken_from_freelist: 53.
num_chunk_merges: 0.
num_chunk_splits: 23.
num_chunks_enlarged: 16.
num_purges: 0.

CodeHeap 'non-profiled nmethods': size=120000Kb used=131Kb max_used=131Kb free=119868Kb
 bounds [0x0000021350340000, 0x00000213505b0000, 0x0000021357870000]
CodeHeap 'profiled nmethods': size=120000Kb used=559Kb max_used=559Kb free=119441Kb
 bounds [0x0000021348e10000, 0x0000021349080000, 0x0000021350340000]
CodeHeap 'non-nmethods': size=5760Kb used=1204Kb max_used=1221Kb free=4555Kb
 bounds [0x0000021348870000, 0x0000021348ae0000, 0x0000021348e10000]
 total_blobs=816 nmethods=406 adapters=323
 compilation: enabled
              stopped_count=0, restarted_count=0
 full_count=0

Compilation events (20 events):
Event: 92.585 Thread 0x000002135f076d40  398       3       org.eclipse.jdt.launching.internal.org.objectweb.asm.ClassReader::readUnsignedShort (26 bytes)
Event: 92.585 Thread 0x000002135f076d40 nmethod 398 0x0000021348e98f10 code [0x0000021348e990c0, 0x0000021348e99238]
Event: 92.585 Thread 0x000002135f076d40  399       3       java.lang.String::<init> (74 bytes)
Event: 92.587 Thread 0x000002135f076d40 nmethod 399 0x0000021348e99310 code [0x0000021348e99500, 0x0000021348e99918]
Event: 92.587 Thread 0x000002135f076d40  400       3       java.lang.StringUTF16::compress (20 bytes)
Event: 92.588 Thread 0x000002135f076d40 nmethod 400 0x0000021348e99a10 code [0x0000021348e99bc0, 0x0000021348e99e08]
Event: 434.501 Thread 0x000002135f076d40  401       3       org.eclipse.jdt.launching.internal.org.objectweb.asm.ClassReader::readUtf (44 bytes)
Event: 434.503 Thread 0x000002135f076d40 

Event: 434.503 Thread 0x000002135f076d40  402       3       org.eclipse.jdt.launching.internal.org.objectweb.asm.ClassReader::getItem (7 bytes)
Event: 434.503 Thread 0x000002135f076d40 nmethod 402 0x0000021348e99f10 code [0x0000021348e9a0a0, 0x0000021348e9a1d8]
Event: 448.248 Thread 0x000002135f076d40  403       3       java.lang.String::<init> (14 bytes)
Event: 448.248 Thread 0x000002135f076d40 nmethod 403 0x0000021348e9a290 code [0x0000021348e9a460, 0x0000021348e9a678]
Event: 448.248 Thread 0x000002135f076d40  404       3       org.eclipse.jdt.launching.internal.org.objectweb.asm.Symbol::<init> (38 bytes)
Event: 448.248 Thread 0x000002135f076d40 nmethod 404 0x0000021348e9a790 code [0x0000021348e9a940, 0x0000021348e9abd8]
Event: 448.248 Thread 0x000002135f076d40  405       3       org.eclipse.jdt.launching.internal.org.objectweb.asm.SymbolTable::add (39 bytes)
Event: 448.248 Thread 0x000002135f076d40 nmethod 405 0x0000021348e9ad10 code [0x0000021348e9aec0, 0x0000021348e9b1f8]
Event: 448.249 Thread 0x000002135f076d40  406       3       org.eclipse.jdt.launching.internal.org.objectweb.asm.ClassReader::readUTF8 (23 bytes)
Event: 448.249 Thread 0x000002135f076d40 nmethod 406 0x0000021348e9b310 code [0x0000021348e9b4e0, 0x0000021348e9b738]
Event: 448.249 Thread 0x000002135f076d40  407       3       org.eclipse.jdt.launching.internal.org.objectweb.asm.SymbolTable::hash (10 bytes)
Event: 448.249 Thread 0x000002135f076d40 nmethod 407 0x0000021348e9b810 code [0x0000021348e9b9c0, 0x0000021348e9bb08]

GC Heap History (0 events):
No events

Deoptimization events (20 events):
Event: 0.522 Thread 0x0000021343afce90 DEOPT PACKING pc=0x0000021348e85bf0 sp=0x000000a44a5f7e50
Event: 0.522 Thread 0x0000021343afce90 DEOPT UNPACKING pc=0x00000213488bdece sp=0x000000a44a5f72b8 mode 0
Event: 0.523 Thread 0x0000021343afce90 DEOPT PACKING pc=0x0000021348e85bf0 sp=0x000000a44a5f7e50
Event: 0.523 Thread 0x0000021343afce90 DEOPT UNPACKING pc=0x00000213488bdece sp=0x000000a44a5f72b8 mode 0
Event: 0.527 Thread 0x0000021343afce90 DEOPT PACKING pc=0x0000021348e85bf0 sp=0x000000a44a5fb880
Event: 0.527 Thread 0x0000021343afce90 DEOPT UNPACKING pc=0x00000213488bdece sp=0x000000a44a5face8 mode 0
Event: 0.527 Thread 0x0000021343afce90 DEOPT PACKING pc=0x0000021348e85bf0 sp=0x000000a44a5fb880
Event: 0.527 Thread 0x0000021343afce90 DEOPT UNPACKING pc=0x00000213488bdece sp=0x000000a44a5face8 mode 0
Event: 0.527 Thread 0x0000021343afce90 DEOPT PACKING pc=0x0000021348e85bf0 sp=0x000000a44a5fb880
Event: 0.527 Thread 0x0000021343afce90 DEOPT UNPACKING pc=0x00000213488bdece sp=0x000000a44a5face8 mode 0
Event: 0.536 Thread 0x0000021343afce90 DEOPT PACKING pc=0x0000021348e85bf0 sp=0x000000a44a5f7a40
Event: 0.536 Thread 0x0000021343afce90 DEOPT UNPACKING pc=0x00000213488bdece sp=0x000000a44a5f6ea8 mode 0
Event: 0.536 Thread 0x0000021343afce90 DEOPT PACKING pc=0x0000021348e85bf0 sp=0x000000a44a5f7a40
Event: 0.536 Thread 0x0000021343afce90 DEOPT UNPACKING pc=0x00000213488bdece sp=0x000000a44a5f6ea8 mode 0
Event: 0.536 Thread 0x0000021343afce90 DEOPT PACKING pc=0x0000021348e85bf0 sp=0x000000a44a5f7a40
Event: 0.536 Thread 0x0000021343afce90 DEOPT UNPACKING pc=0x00000213488bdece sp=0x000000a44a5f6ea8 mode 0
Event: 0.536 Thread 0x0000021343afce90 DEOPT PACKING pc=0x0000021348e85cdb sp=0x000000a44a5f7a40
Event: 0.536 Thread 0x0000021343afce90 DEOPT UNPACKING pc=0x00000213488bdece sp=0x000000a44a5f6ea8 mode 0
Event: 0.537 Thread 0x0000021343afce90 DEOPT PACKING pc=0x0000021348e85cdb sp=0x000000a44a5f7a40
Event: 0.537 Thread 0x0000021343afce90 DEOPT UNPACKING pc=0x00000213488bdece sp=0x000000a44a5f6ea8 mode 0

Classes unloaded (0 events):
No events

Classes redefined (3 events):
Event: 92.586 Thread 0x000002135f02aa10 redefined class name=capitulo04_arrays.bloque03.Ejercicio01OrdenacionBurbuja, count=1
Event: 434.502 Thread 0x000002135f02aa10 redefined class name=capitulo04_arrays.bloque03.Ejercicio01OrdenacionBurbuja, count=2
Event: 448.250 Thread 0x000002135f02aa10 redefined class name=capitulo04_arrays.bloque03.Ejercicio01OrdenacionBurbuja, count=3

Internal exceptions (3 events):
Event: 0.461 Thread 0x0000021343afce90 Exception <a 'java/lang/NoSuchMethodError'{0x00000000890332d0}: 'java.lang.Object java.lang.invoke.DirectMethodHandle$Holder.invokeStatic(java.lang.Object)'> (0x00000000890332d0) 
thrown [t:\workspace\open\src\hotspot\share\interpreter\linkResolver.cpp, line 790]
Event: 0.462 Thread 0x0000021343afce90 Exception <a 'java/lang/NoSuchMethodError'{0x0000000089037130}: 'java.lang.Object java.lang.invoke.DirectMethodHandle$Holder.invokeStaticInit(java.lang.Object)'> (0x0000000089037130) 
thrown [t:\workspace\open\src\hotspot\share\interpreter\linkResolver.cpp, line 790]
Event: 0.463 Thread 0x0000021343afce90 Exception <a 'java/lang/NoSuchMethodError'{0x000000008903d510}: 'java.lang.Object java.lang.invoke.Invokers$Holder.invoke_MT(java.lang.Object, java.lang.Object, java.lang.Object)'> (0x000000008903d510) 
thrown [t:\workspace\open\src\hotspot\share\interpreter\linkResolver.cpp, line 790]

Events (20 events):
Event: 153.909 Executing  VM operation: get/set locals done
Event: 153.910 Executing  VM operation: get/set locals
Event: 153.910 Executing  VM operation: get/set locals done
Event: 153.914 Executing  VM operation: get/set locals
Event: 153.914 Executing  VM operation: get/set locals done
Event: 153.915 Executing  VM operation: get/set locals
Event: 153.915 Executing  VM operation: get/set locals done
Event: 153.931 Executing  VM operation: get/set locals
Event: 153.931 Executing  VM operation: get/set locals done
Event: 153.932 Executing  VM operation: get/set locals
Event: 153.932 Executing  VM operation: get/set locals done
Event: 434.501 Executing  VM operation: RedefineClasses
Event: 434.503 Executing  VM operation: RedefineClasses done
Event: 434.506 Executing  VM operation: ChangeBreakpoints
Event: 434.506 Executing  VM operation: ChangeBreakpoints done
Event: 448.249 Executing  VM operation: RedefineClasses
Event: 448.252 Executing  VM operation: RedefineClasses done
Event: 448.256 Executing  VM operation: ChangeBreakpoints
Event: 448.256 Executing  VM operation: ChangeBreakpoints done
Event: 802.840 Executing  VM operation: get/set locals


Dynamic libraries:
0x00007ff7648a0000 - 0x00007ff7648ae000 	C:\Users\EQUIPO\Desktop\Grado Superior\Programación\eclipse\plugins\org.eclipse.justj.openjdk.hotspot.jre.full.win32.x86_64_16.0.2.v20210721-1149\jre\bin\javaw.exe
0x00007ff830830000 - 0x00007ff830a25000 	C:\Windows\SYSTEM32\ntdll.dll
0x00007ff82f4e0000 - 0x00007ff82f59e000 	C:\Windows\System32\KERNEL32.DLL
0x00007ff82e100000 - 0x00007ff82e3c9000 	C:\Windows\System32\KERNELBASE.dll
0x00007ff82e750000 - 0x00007ff82e850000 	C:\Windows\System32\ucrtbase.dll
0x00007ff829a10000 - 0x00007ff829a28000 	C:\Users\EQUIPO\Desktop\Grado Superior\Programación\eclipse\plugins\org.eclipse.justj.openjdk.hotspot.jre.full.win32.x86_64_16.0.2.v20210721-1149\jre\bin\jli.dll
0x00007ff829950000 - 0x00007ff829969000 	C:\Users\EQUIPO\Desktop\Grado Superior\Programación\eclipse\plugins\org.eclipse.justj.openjdk.hotspot.jre.full.win32.x86_64_16.0.2.v20210721-1149\jre\bin\VCRUNTIME140.dll
0x00007ff8304a0000 - 0x00007ff830641000 	C:\Windows\System32\USER32.dll
0x00007ff82e470000 - 0x00007ff82e492000 	C:\Windows\System32\win32u.dll
0x00007ff8303a0000 - 0x00007ff8303cb000 	C:\Windows\System32\GDI32.dll
0x00007ff81be70000 - 0x00007ff81c10a000 	C:\Windows\WinSxS\amd64_microsoft.windows.common-controls_6595b64144ccf1df_6.0.19041.1110_none_60b5254171f9507e\COMCTL32.dll
0x00007ff82e5e0000 - 0x00007ff82e6eb000 	C:\Windows\System32\gdi32full.dll
0x00007ff82e3d0000 - 0x00007ff82e46d000 	C:\Windows\System32\msvcp_win.dll
0x00007ff82ff40000 - 0x00007ff82ffde000 	C:\Windows\System32\msvcrt.dll
0x00007ff82ead0000 - 0x00007ff82eb00000 	C:\Windows\System32\IMM32.DLL
0x00007ff82b630000 - 0x00007ff82b63c000 	C:\Users\EQUIPO\Desktop\Grado Superior\Programación\eclipse\plugins\org.eclipse.justj.openjdk.hotspot.jre.full.win32.x86_64_16.0.2.v20210721-1149\jre\bin\vcruntime140_1.dll
0x00007fffe7110000 - 0x00007fffe71a1000 	C:\Users\EQUIPO\Desktop\Grado Superior\Programación\eclipse\plugins\org.eclipse.justj.openjdk.hotspot.jre.full.win32.x86_64_16.0.2.v20210721-1149\jre\bin\msvcp140.dll
0x00007fffe8280000 - 0x00007fffe8e2b000 	C:\Users\EQUIPO\Desktop\Grado Superior\Programación\eclipse\plugins\org.eclipse.justj.openjdk.hotspot.jre.full.win32.x86_64_16.0.2.v20210721-1149\jre\bin\server\jvm.dll
0x00007ff82f370000 - 0x00007ff82f41c000 	C:\Windows\System32\ADVAPI32.dll
0x00007ff830750000 - 0x00007ff8307eb000 	C:\Windows\System32\sechost.dll
0x00007ff82f650000 - 0x00007ff82f77a000 	C:\Windows\System32\RPCRT4.dll
0x00007ff830320000 - 0x00007ff830328000 	C:\Windows\System32\PSAPI.DLL
0x00007ff82b6c0000 - 0x00007ff82b6c9000 	C:\Windows\SYSTEM32\WSOCK32.dll
0x00007ff830330000 - 0x00007ff83039b000 	C:\Windows\System32\WS2_32.dll
0x00007ff816fe0000 - 0x00007ff817007000 	C:\Windows\SYSTEM32\WINMM.dll
0x00007ff8267d0000 - 0x00007ff8267da000 	C:\Windows\SYSTEM32\VERSION.dll
0x00007ff82c7d0000 - 0x00007ff82c7e2000 	C:\Windows\SYSTEM32\kernel.appcore.dll
0x00007ff82b600000 - 0x00007ff82b60a000 	C:\Users\EQUIPO\Desktop\Grado Superior\Programación\eclipse\plugins\org.eclipse.justj.openjdk.hotspot.jre.full.win32.x86_64_16.0.2.v20210721-1149\jre\bin\jimage.dll
0x00007ff814370000 - 0x00007ff814554000 	C:\Windows\SYSTEM32\DBGHELP.DLL
0x00007ff814340000 - 0x00007ff81436c000 	C:\Windows\SYSTEM32\dbgcore.DLL
0x00007ff82e550000 - 0x00007ff82e5d3000 	C:\Windows\System32\bcryptPrimitives.dll
0x00007ff81d780000 - 0x00007ff81d7bb000 	C:\Users\EQUIPO\Desktop\Grado Superior\Programación\eclipse\plugins\org.eclipse.justj.openjdk.hotspot.jre.full.win32.x86_64_16.0.2.v20210721-1149\jre\bin\jdwp.dll
0x00007ff82b610000 - 0x00007ff82b61e000 	C:\Users\EQUIPO\Desktop\Grado Superior\Programación\eclipse\plugins\org.eclipse.justj.openjdk.hotspot.jre.full.win32.x86_64_16.0.2.v20210721-1149\jre\bin\instrument.dll
0x00007ff80d860000 - 0x00007ff80d885000 	C:\Users\EQUIPO\Desktop\Grado Superior\Programación\eclipse\plugins\org.eclipse.justj.openjdk.hotspot.jre.full.win32.x86_64_16.0.2.v20210721-1149\jre\bin\java.dll
0x00007ff8191f0000 - 0x00007ff819208000 	C:\Users\EQUIPO\Desktop\Grado Superior\Programación\eclipse\plugins\org.eclipse.justj.openjdk.hotspot.jre.full.win32.x86_64_16.0.2.v20210721-1149\jre\bin\zip.dll
0x00007ff82f780000 - 0x00007ff82febf000 	C:\Windows\System32\SHELL32.dll
0x00007ff82bf70000 - 0x00007ff82c700000 	C:\Windows\SYSTEM32\windows.storage.dll
0x00007ff82eb00000 - 0x00007ff82ee55000 	C:\Windows\System32\combase.dll
0x00007ff82d9a0000 - 0x00007ff82d9cc000 	C:\Windows\SYSTEM32\Wldp.dll
0x00007ff830190000 - 0x00007ff83023d000 	C:\Windows\System32\SHCORE.dll
0x00007ff82f2e0000 - 0x00007ff82f335000 	C:\Windows\System32\shlwapi.dll
0x00007ff82de90000 - 0x00007ff82deaf000 	C:\Windows\SYSTEM32\profapi.dll
0x00007ff829a00000 - 0x00007ff829a0c000 	C:\Users\EQUIPO\Desktop\Grado Superior\Programación\eclipse\plugins\org.eclipse.justj.openjdk.hotspot.jre.full.win32.x86_64_16.0.2.v20210721-1149\jre\bin\dt_socket.dll
0x00007ff82d3a0000 - 0x00007ff82d3db000 	C:\Windows\SYSTEM32\IPHLPAPI.DLL
0x00007ff82d700000 - 0x00007ff82d76a000 	C:\Windows\system32\mswsock.dll
0x00007ff82d3e0000 - 0x00007ff82d4ac000 	C:\Windows\SYSTEM32\DNSAPI.dll
0x00007ff830650000 - 0x00007ff830658000 	C:\Windows\System32\NSI.dll
0x00007ff8264b0000 - 0x00007ff8264ba000 	C:\Windows\System32\rasadhlp.dll
0x00007ff81ece0000 - 0x00007ff81ed5f000 	C:\Windows\System32\fwpuclnt.dll
0x00007ff82e850000 - 0x00007ff82e877000 	C:\Windows\System32\bcrypt.dll
0x00007ff817b60000 - 0x00007ff817b79000 	C:\Users\EQUIPO\Desktop\Grado Superior\Programación\eclipse\plugins\org.eclipse.justj.openjdk.hotspot.jre.full.win32.x86_64_16.0.2.v20210721-1149\jre\bin\net.dll
0x00007ff8278e0000 - 0x00007ff8279e8000 	C:\Windows\SYSTEM32\WINHTTP.dll
0x00007ff80ced0000 - 0x00007ff80cee3000 	C:\Users\EQUIPO\Desktop\Grado Superior\Programación\eclipse\plugins\org.eclipse.justj.openjdk.hotspot.jre.full.win32.x86_64_16.0.2.v20210721-1149\jre\bin\nio.dll
0x00007ff81c4b0000 - 0x00007ff81c4c0000 	C:\Users\EQUIPO\Desktop\Grado Superior\Programación\eclipse\plugins\org.eclipse.justj.openjdk.hotspot.jre.full.win32.x86_64_16.0.2.v20210721-1149\jre\bin\verify.dll

dbghelp: loaded successfully - version: 4.0.5 - missing functions: none
symbol engine: initialized successfully - sym options: 0x614 - pdb path: .;C:\Users\EQUIPO\Desktop\Grado Superior\Programación\eclipse\plugins\org.eclipse.justj.openjdk.hotspot.jre.full.win32.x86_64_16.0.2.v20210721-1149\jre\bin;C:\Windows\SYSTEM32;C:\Windows\WinSxS\amd64_microsoft.windows.common-controls_6595b64144ccf1df_6.0.19041.1110_none_60b5254171f9507e;C:\Users\EQUIPO\Desktop\Grado Superior\Programación\eclipse\plugins\org.eclipse.justj.openjdk.hotspot.jre.full.win32.x86_64_16.0.2.v20210721-1149\jre\bin\server

VM Arguments:
jvm_args: -XX:+ShowCodeDetailsInExceptionMessages -agentlib:jdwp=transport=dt_socket,suspend=y,address=localhost:57449 -javaagent:C:\Users\EQUIPO\Desktop\Grado Superior\Programación\eclipse\configuration\org.eclipse.osgi\415\0\.cp\lib\javaagent-shaded.jar -Dfile.encoding=UTF-8 
java_command: capitulo04_arrays.bloque03.Ejercicio01OrdenacionBurbuja
java_class_path (initial): C:\Users\EQUIPO\Desktop\Grado Superior\Programación\eclipse\1ºDawProgramacion\bin
Launcher Type: SUN_STANDARD

[Global flags]
     intx CICompilerCount                          = 3                                         {product} {ergonomic}
     uint ConcGCThreads                            = 1                                         {product} {ergonomic}
     uint G1ConcRefinementThreads                  = 4                                         {product} {ergonomic}
   size_t G1HeapRegionSize                         = 1048576                                   {product} {ergonomic}
    uintx GCDrainStackTargetSize                   = 64                                        {product} {ergonomic}
   size_t InitialHeapSize                          = 134217728                                 {product} {ergonomic}
   size_t MarkStackSize                            = 4194304                                   {product} {ergonomic}
   size_t MaxHeapSize                              = 2126512128                                {product} {ergonomic}
   size_t MaxNewSize                               = 1275068416                                {product} {ergonomic}
   size_t MinHeapDeltaBytes                        = 1048576                                   {product} {ergonomic}
   size_t MinHeapSize                              = 8388608                                   {product} {ergonomic}
    uintx NonNMethodCodeHeapSize                   = 5832780                                {pd product} {ergonomic}
    uintx NonProfiledCodeHeapSize                  = 122912730                              {pd product} {ergonomic}
    uintx ProfiledCodeHeapSize                     = 122912730                              {pd product} {ergonomic}
    uintx ReservedCodeCacheSize                    = 251658240                              {pd product} {ergonomic}
     bool SegmentedCodeCache                       = true                                      {product} {ergonomic}
     bool ShowCodeDetailsInExceptionMessages       = true                                   {manageable} {command line}
   size_t SoftMaxHeapSize                          = 2126512128                             {manageable} {ergonomic}
     bool UseCompressedClassPointers               = true                           {product lp64_product} {ergonomic}
     bool UseCompressedOops                        = true                           {product lp64_product} {ergonomic}
     bool UseG1GC                                  = true                                      {product} {ergonomic}
     bool UseLargePagesIndividualAllocation        = false                                  {pd product} {ergonomic}

Logging:
Log output configuration:
 #0: stdout all=warning uptime,level,tags
 #1: stderr all=off uptime,level,tags

Environment Variables:
PATH=C:\Users\EQUIPO\Desktop\Grado Superior\Programación\eclipse\plugins\org.eclipse.justj.openjdk.hotspot.jre.full.win32.x86_64_16.0.2.v20210721-1149\jre\bin;C:/Users/EQUIPO/Desktop/Grado Superior/Programaci¢n/eclipse//plugins/org.eclipse.justj.openjdk.hotspot.jre.full.win32.x86_64_16.0.2.v20210721-1149/jre/bin/server;C:/Users/EQUIPO/Desktop/Grado Superior/Programaci¢n/eclipse//plugins/org.eclipse.justj.openjdk.hotspot.jre.full.win32.x86_64_16.0.2.v20210721-1149/jre/bin;C:\Windows\system32;C:\Windows;C:\Windows\System32\Wbem;C:\Windows\System32\WindowsPowerShell\v1.0\;C:\Windows\System32\OpenSSH\;C:\Program Files\NVIDIA Corporation\NVIDIA NvDLISR;C:\Program Files (x86)\NVIDIA Corporation\PhysX\Common;C:\Program Files\Git\cmd;C:\Users\EQUIPO\AppData\Local\Microsoft\WindowsApps;;C:\Users\EQUIPO\AppData\Local\Programs\Microsoft VS Code\bin;C:\Users\EQUIPO\Desktop\Grado Superior\Programaci¢n\eclipse;
USERNAME=EQUIPO
OS=Windows_NT
PROCESSOR_IDENTIFIER=Intel64 Family 6 Model 158 Stepping 9, GenuineIntel



---------------  S Y S T E M  ---------------

OS:
 Windows 10 , 64 bit Build 19041 (10.0.19041.1202)
OS uptime: 1 days 0:05 hours

CPU: total 4 (initial active 4) (4 cores per cpu, 1 threads per core) family 6 model 158 stepping 9 microcode 0xb4, cx8, cmov, fxsr, mmx, 3dnowpref, sse, sse2, sse3, ssse3, sse4.1, sse4.2, popcnt, lzcnt, tsc, tscinvbit, avx, avx2, aes, erms, clmul, bmi1, bmi2, adx, fma, vzeroupper, clflush, clflushopt

Memory: 4k page, system-wide physical 8109M (930M free)
TotalPageFile size 13465M (AvailPageFile size 2052M)
current process WorkingSet (physical memory assigned to process): 44M, peak: 46M
current process commit charge ("private bytes"): 202M, peak: 204M

vm_info: OpenJDK 64-Bit Server VM (16.0.2+7-67) for windows-amd64 JRE (16.0.2+7-67), built on Jun  8 2021 23:21:43 by "mach5one" with MS VC++ 16.7 (VS2019)

END.
